Watching for file changes with StatReloader
/home/shashii/pet-finder/core/core/settings.py changed, reloading.
Watching for file changes with StatReloader
/home/shashii/pet-finder/core/core/settings.py changed, reloading.
Watching for file changes with StatReloader
"GET /api/v1/pet_api/2/ HTTP/1.1" 200 18012
/home/shashii/pet-finder/core/core/settings.py changed, reloading.
Watching for file changes with StatReloader
"GET /api/v1/pet_api/3 HTTP/1.1" 301 0
"GET /api/v1/pet_api/3/ HTTP/1.1" 200 18733
Bad Request: /api/v1/pet_api/3/
"PUT /api/v1/pet_api/3/ HTTP/1.1" 400 16944
Watching for file changes with StatReloader
Not Found: /
"GET / HTTP/1.1" 404 2500
Not Found: /favicon.ico
"GET /favicon.ico HTTP/1.1" 404 2551
"GET /api/v1 HTTP/1.1" 301 0
"GET /api/v1/ HTTP/1.1" 200 5807
"GET /static/rest_framework/css/default.css HTTP/1.1" 304 0
"GET /static/rest_framework/css/bootstrap.min.css HTTP/1.1" 304 0
"GET /static/rest_framework/css/bootstrap-tweaks.css HTTP/1.1" 304 0
"GET /static/rest_framework/js/jquery-3.5.1.min.js HTTP/1.1" 304 0
"GET /static/rest_framework/css/prettify.css HTTP/1.1" 304 0
"GET /static/rest_framework/js/ajax-form.js HTTP/1.1" 304 0
"GET /static/rest_framework/js/prettify-min.js HTTP/1.1" 304 0
"GET /static/rest_framework/js/bootstrap.min.js HTTP/1.1" 304 0
"GET /static/rest_framework/js/csrf.js HTTP/1.1" 304 0
"GET /static/rest_framework/js/default.js HTTP/1.1" 304 0
"GET /static/rest_framework/img/grid.png HTTP/1.1" 304 0
"GET /api/v1/pet_api/ HTTP/1.1" 200 21199
"GET /static/rest_framework/fonts/glyphicons-halflings-regular.woff2 HTTP/1.1" 200 18028
"GET /api/v1/animal_shelter_api/ HTTP/1.1" 200 15851
"GET /api/v1/adoption_form/ HTTP/1.1" 200 32822
"GET /api/v1/user_info/ HTTP/1.1" 200 14588
"GET /media/media/almond.jpeg HTTP/1.1" 200 18534
/home/shashii/pet-finder/core/pet_finder/serializers.py changed, reloading.
Watching for file changes with StatReloader
